\BOOKMARK [0][-]{chapter.1}{1 Introduction}{}% 1
\BOOKMARK [1][-]{section.1.1}{1.1 Link, License, and Citation}{chapter.1}% 2
\BOOKMARK [1][-]{section.1.2}{1.2 Acknowledgements}{chapter.1}% 3
\BOOKMARK [1][-]{section.1.3}{1.3 Copyright and Export}{chapter.1}% 4
\BOOKMARK [1][-]{section.1.4}{1.4 Future Topics}{chapter.1}% 5
\BOOKMARK [0][-]{chapter.2}{2 Green's Functions}{}% 6
\BOOKMARK [1][-]{section.2.1}{2.1 Scalar Green's Function}{chapter.2}% 7
\BOOKMARK [2][-]{subsection.2.1.1}{2.1.1 1D Scalar Green's Function}{section.2.1}% 8
\BOOKMARK [2][-]{subsection.2.1.2}{2.1.2 2D Scalar Green's Function}{section.2.1}% 9
\BOOKMARK [2][-]{subsection.2.1.3}{2.1.3 3D Scalar Green's Function}{section.2.1}% 10
\BOOKMARK [1][-]{section.2.2}{2.2 Dyadic Green's Function}{chapter.2}% 11
\BOOKMARK [1][-]{section.2.3}{2.3 Volume Integral Equation}{chapter.2}% 12
\BOOKMARK [2][-]{subsection.2.3.1}{2.3.1 Scalar VIE}{section.2.3}% 13
\BOOKMARK [2][-]{subsection.2.3.2}{2.3.2 Vector VIE}{section.2.3}% 14
\BOOKMARK [1][-]{section.2.4}{2.4 Far-field Born Approximation}{chapter.2}% 15
\BOOKMARK [1][-]{section.2.5}{2.5 Volume-Integrated Free-space Green's Functions}{chapter.2}% 16
\BOOKMARK [1][-]{section.2.6}{2.6 Method of Moments}{chapter.2}% 17
\BOOKMARK [2][-]{subsection.2.6.1}{2.6.1 Pulse Basis Function}{section.2.6}% 18
\BOOKMARK [2][-]{subsection.2.6.2}{2.6.2 Scalar MoM}{section.2.6}% 19
\BOOKMARK [2][-]{subsection.2.6.3}{2.6.3 Vector MoM}{section.2.6}% 20
\BOOKMARK [1][-]{section.2.7}{2.7 Scattered Field VIE}{chapter.2}% 21
\BOOKMARK [2][-]{subsection.2.7.1}{2.7.1 Receiver Green's Function}{section.2.7}% 22
\BOOKMARK [2][-]{subsection.2.7.2}{2.7.2 Incident Field Reciprocity}{section.2.7}% 23
\BOOKMARK [2][-]{subsection.2.7.3}{2.7.3 Waveport Vector Green's Function}{section.2.7}% 24
\BOOKMARK [0][-]{chapter.3}{3 Spherical Wave Functions}{}% 25
\BOOKMARK [1][-]{section.3.1}{3.1 Indexing}{chapter.3}% 26
\BOOKMARK [1][-]{section.3.2}{3.2 Spherical Harmonics}{chapter.3}% 27
\BOOKMARK [2][-]{subsection.3.2.1}{3.2.1 Ylm\(,\)}{section.3.2}% 28
\BOOKMARK [2][-]{subsection.3.2.2}{3.2.2 Angular Momentum Operators}{section.3.2}% 29
\BOOKMARK [1][-]{section.3.3}{3.3 Scalar Spherical Wave Functions}{chapter.3}% 30
\BOOKMARK [1][-]{section.3.4}{3.4 Scalar Plane Wave Expansion}{chapter.3}% 31
\BOOKMARK [1][-]{section.3.5}{3.5 Vector Spherical Harmonics}{chapter.3}% 32
\BOOKMARK [1][-]{section.3.6}{3.6 Vector Spherical Wave Functions}{chapter.3}% 33
\BOOKMARK [1][-]{section.3.7}{3.7 Vector Plane Wave Expansion}{chapter.3}% 34
\BOOKMARK [2][-]{subsection.3.7.1}{3.7.1 Plane Wave Representation}{section.3.7}% 35
\BOOKMARK [2][-]{subsection.3.7.2}{3.7.2 Vector Plane Wave Coefficients}{section.3.7}% 36
\BOOKMARK [2][-]{subsection.3.7.3}{3.7.3 -Propagating Plane Wave}{section.3.7}% 37
\BOOKMARK [1][-]{section.3.8}{3.8 Band-limited Fields and Required Number of Spherical Harmonics}{chapter.3}% 38
\BOOKMARK [0][-]{chapter.4}{4 Rotation}{}% 39
\BOOKMARK [1][-]{section.4.1}{4.1 Euler Rotation}{chapter.4}% 40
\BOOKMARK [1][-]{section.4.2}{4.2 Rotation Addition Theorem}{chapter.4}% 41
\BOOKMARK [2][-]{subsection.4.2.1}{4.2.1 Field Rotations}{section.4.2}% 42
\BOOKMARK [2][-]{subsection.4.2.2}{4.2.2 Properties}{section.4.2}% 43
\BOOKMARK [1][-]{section.4.3}{4.3 Computation of Dlmp}{chapter.4}% 44
\BOOKMARK [2][-]{subsection.4.3.1}{4.3.1 Full Dlmp Matrix}{section.4.3}% 45
\BOOKMARK [2][-]{subsection.4.3.2}{4.3.2 Sparse Dlmp Matrix}{section.4.3}% 46
\BOOKMARK [1][-]{section.4.4}{4.4 Computation of dlmp\(\)}{chapter.4}% 47
\BOOKMARK [2][-]{subsection.4.4.1}{4.4.1 Direct Computation}{section.4.4}% 48
\BOOKMARK [2][-]{subsection.4.4.2}{4.4.2 Recursion Algorithm}{section.4.4}% 49
\BOOKMARK [2][-]{subsection.4.4.3}{4.4.3 Sparse Recursive}{section.4.4}% 50
\BOOKMARK [0][-]{chapter.5}{5 Translation}{}% 51
\BOOKMARK [1][-]{section.5.1}{5.1 Translation Addition Theorem}{chapter.5}% 52
\BOOKMARK [1][-]{section.5.2}{5.2 Diagonalization}{chapter.5}% 53
\BOOKMARK [1][-]{section.5.3}{5.3 Scalar Translation Matrix}{chapter.5}% 54
\BOOKMARK [2][-]{subsection.5.3.1}{5.3.1 Scalar Axial Translation Matrix}{section.5.3}% 55
\BOOKMARK [2][-]{subsection.5.3.2}{5.3.2 Sparse Scalar Axial Translation Matrix}{section.5.3}% 56
\BOOKMARK [2][-]{subsection.5.3.3}{5.3.3 Diagonalized Scalar Translation Matrix}{section.5.3}% 57
\BOOKMARK [2][-]{subsection.5.3.4}{5.3.4 Full Scalar Translation Matrix}{section.5.3}% 58
\BOOKMARK [1][-]{section.5.4}{5.4 Vector Translation Matrix}{chapter.5}% 59
\BOOKMARK [2][-]{subsection.5.4.1}{5.4.1 Vector Axial Translation Matrix}{section.5.4}% 60
\BOOKMARK [2][-]{subsection.5.4.2}{5.4.2 Sparse Vector Axial Translation Matrix}{section.5.4}% 61
\BOOKMARK [2][-]{subsection.5.4.3}{5.4.3 Diagonalized Vector Translation Matrix}{section.5.4}% 62
\BOOKMARK [2][-]{subsection.5.4.4}{5.4.4 Full Vector Translation Matrix}{section.5.4}% 63
\BOOKMARK [0][-]{chapter.6}{6 S-Matrix}{}% 64
\BOOKMARK [1][-]{section.6.1}{6.1 Definition}{chapter.6}% 65
\BOOKMARK [1][-]{section.6.2}{6.2 Radar Cross Sections from S-matrix}{chapter.6}% 66
\BOOKMARK [1][-]{section.6.3}{6.3 S-matrix Rotation}{chapter.6}% 67
\BOOKMARK [1][-]{section.6.4}{6.4 Object S-matrix}{chapter.6}% 68
\BOOKMARK [2][-]{subsection.6.4.1}{6.4.1 Thin Circular Cylinder}{section.6.4}% 69
\BOOKMARK [2][-]{subsection.6.4.2}{6.4.2 Thin Circular Disk}{section.6.4}% 70
\BOOKMARK [1][-]{section.6.5}{6.5 S-matrix Under the Born Approximation}{chapter.6}% 71
\BOOKMARK [1][-]{section.6.6}{6.6 Volume Phase Integral}{chapter.6}% 72
\BOOKMARK [2][-]{subsection.6.6.1}{6.6.1 Cuboid}{section.6.6}% 73
\BOOKMARK [2][-]{subsection.6.6.2}{6.6.2 Circular Cylinder}{section.6.6}% 74
\BOOKMARK [2][-]{subsection.6.6.3}{6.6.3 Sphere}{section.6.6}% 75
\BOOKMARK [2][-]{subsection.6.6.4}{6.6.4 Ellipsoid}{section.6.6}% 76
\BOOKMARK [0][-]{chapter.7}{7 T-Matrix}{}% 77
\BOOKMARK [1][-]{section.7.1}{7.1 Definition}{chapter.7}% 78
\BOOKMARK [1][-]{section.7.2}{7.2 Object T-matrix}{chapter.7}% 79
\BOOKMARK [2][-]{subsection.7.2.1}{7.2.1 Dielectric Sphere}{section.7.2}% 80
\BOOKMARK [2][-]{subsection.7.2.2}{7.2.2 PEC Sphere}{section.7.2}% 81
\BOOKMARK [1][-]{section.7.3}{7.3 Extended Boundary Condition Method}{chapter.7}% 82
\BOOKMARK [1][-]{section.7.4}{7.4 T-matrix to S-matrix Transformation}{chapter.7}% 83
\BOOKMARK [1][-]{section.7.5}{7.5 S-matrix to T-matrix Transformation}{chapter.7}% 84
\BOOKMARK [1][-]{section.7.6}{7.6 Far-field T-matrix}{chapter.7}% 85
\BOOKMARK [1][-]{section.7.7}{7.7 Radar Cross Section from T-matrix}{chapter.7}% 86
\BOOKMARK [2][-]{subsection.7.7.1}{7.7.1 Backscatter Radar Cross Section from T-matrix}{section.7.7}% 87
\BOOKMARK [2][-]{subsection.7.7.2}{7.7.2 Backscatter Radar Cross Section of a Sphere}{section.7.7}% 88
\BOOKMARK [2][-]{subsection.7.7.3}{7.7.3 Backscatter RCS of a PEC Sphere}{section.7.7}% 89
\BOOKMARK [2][-]{subsection.7.7.4}{7.7.4 Backscatter RCS of a Dielectric Sphere}{section.7.7}% 90
\BOOKMARK [1][-]{section.7.8}{7.8 Scattering Cross Section from T-matrix}{chapter.7}% 91
\BOOKMARK [2][-]{subsection.7.8.1}{7.8.1 Scattering Cross Section of a Sphere}{section.7.8}% 92
\BOOKMARK [2][-]{subsection.7.8.2}{7.8.2 Scattering Cross Section of a PEC Sphere}{section.7.8}% 93
\BOOKMARK [2][-]{subsection.7.8.3}{7.8.3 Scattering Cross Section of a Dielectric Sphere}{section.7.8}% 94
\BOOKMARK [2][-]{subsection.7.8.4}{7.8.4 Polarization and Orientation Averaged Scattering Cross Section using T-matrix}{section.7.8}% 95
\BOOKMARK [0][-]{chapter.8}{8 Fast Multipole Method}{}% 96
\BOOKMARK [1][-]{section.8.1}{8.1 Far-Field Green's Function and Plane Wave Expansion}{chapter.8}% 97
\BOOKMARK [1][-]{section.8.2}{8.2 Selection of L}{chapter.8}% 98
\BOOKMARK [1][-]{section.8.3}{8.3 Integration over the Unit Sphere}{chapter.8}% 99
\BOOKMARK [2][-]{subsection.8.3.1}{8.3.1 Gauss-Legendre quadrature}{section.8.3}% 100
\BOOKMARK [2][-]{subsection.8.3.2}{8.3.2 Numerical Integration of Spherical Harmonics}{section.8.3}% 101
\BOOKMARK [2][-]{subsection.8.3.3}{8.3.3 Numerical Integration of Products of Spherical Harmonics}{section.8.3}% 102
\BOOKMARK [2][-]{subsection.8.3.4}{8.3.4 Green's Function Integration}{section.8.3}% 103
\BOOKMARK [1][-]{section.8.4}{8.4 Aggregation/Disaggregation}{chapter.8}% 104
\BOOKMARK [2][-]{subsection.8.4.1}{8.4.1 Octree}{section.8.4}% 105
\BOOKMARK [2][-]{subsection.8.4.2}{8.4.2 Aggregation}{section.8.4}% 106
\BOOKMARK [2][-]{subsection.8.4.3}{8.4.3 Disaggregation}{section.8.4}% 107
\BOOKMARK [1][-]{section.8.5}{8.5 Translation Operator}{chapter.8}% 108
\BOOKMARK [2][-]{subsection.8.5.1}{8.5.1 Basic Translation Operator}{section.8.5}% 109
\BOOKMARK [2][-]{subsection.8.5.2}{8.5.2 Translation Operator Interpolation}{section.8.5}% 110
\BOOKMARK [1][-]{section.8.6}{8.6 Scalar Spherical Filter}{chapter.8}% 111
\BOOKMARK [2][-]{subsection.8.6.1}{8.6.1 Spherical Harmonic Transforms}{section.8.6}% 112
\BOOKMARK [2][-]{subsection.8.6.2}{8.6.2 Forward Scalar Spherical Transform}{section.8.6}% 113
\BOOKMARK [2][-]{subsection.8.6.3}{8.6.3 Inverse Scalar Spherical Transform}{section.8.6}% 114
\BOOKMARK [2][-]{subsection.8.6.4}{8.6.4 Scalar Spherical Filter}{section.8.6}% 115
\BOOKMARK [2][-]{subsection.8.6.5}{8.6.5 Fast Scalar Spherical Filter}{section.8.6}% 116
\BOOKMARK [1][-]{section.8.7}{8.7 Vector Spherical Filter}{chapter.8}% 117
\BOOKMARK [2][-]{subsection.8.7.1}{8.7.1 Vector Spherical Harmonic Transforms}{section.8.7}% 118
\BOOKMARK [2][-]{subsection.8.7.2}{8.7.2 Forward Vector Spherical Transform}{section.8.7}% 119
\BOOKMARK [2][-]{subsection.8.7.3}{8.7.3 Inverse Vector Spherical Transform}{section.8.7}% 120
\BOOKMARK [2][-]{subsection.8.7.4}{8.7.4 Vector Spherical Filter}{section.8.7}% 121
\BOOKMARK [2][-]{subsection.8.7.5}{8.7.5 Fast Vector Spherical Filter}{section.8.7}% 122
\BOOKMARK [1][-]{section.8.8}{8.8 Scattering Matrices for the FMM}{chapter.8}% 123
\BOOKMARK [2][-]{subsection.8.8.1}{8.8.1 S-matrix and Field Multiplication using Quadrature}{section.8.8}% 124
\BOOKMARK [2][-]{subsection.8.8.2}{8.8.2 S-matrix to T-matrix Transformation using Quadrature}{section.8.8}% 125
\BOOKMARK [2][-]{subsection.8.8.3}{8.8.3 T-matrix to S-matrix Transformation using Quadrature}{section.8.8}% 126
\BOOKMARK [1][-]{section.8.9}{8.9 1D FMM, 1/\(x-x'\)}{chapter.8}% 127
\BOOKMARK [0][-]{chapter.9}{9 Kirchhoff Approximation}{}% 128
\BOOKMARK [1][-]{section.9.1}{9.1 Derivation of the Kirchhoff Approximation}{chapter.9}% 129
\BOOKMARK [1][-]{section.9.2}{9.2 Fresnel Reflection Coefficients}{chapter.9}% 130
\BOOKMARK [1][-]{section.9.3}{9.3 Facetized Surfaces}{chapter.9}% 131
\BOOKMARK [1][-]{section.9.4}{9.4 Surface Phase Integral}{chapter.9}% 132
\BOOKMARK [2][-]{subsection.9.4.1}{9.4.1 Specular Direction}{section.9.4}% 133
\BOOKMARK [2][-]{subsection.9.4.2}{9.4.2 Rectangle}{section.9.4}% 134
\BOOKMARK [2][-]{subsection.9.4.3}{9.4.3 Ellipse}{section.9.4}% 135
\BOOKMARK [2][-]{subsection.9.4.4}{9.4.4 Circle}{section.9.4}% 136
\BOOKMARK [2][-]{subsection.9.4.5}{9.4.5 Triangle}{section.9.4}% 137
\BOOKMARK [1][-]{section.9.5}{9.5 S-matrix of a Facet}{chapter.9}% 138
\BOOKMARK [1][-]{section.9.6}{9.6 Radar Cross Section of a Facet}{chapter.9}% 139
\BOOKMARK [2][-]{subsection.9.6.1}{9.6.1 Specular RCS of a Facet}{section.9.6}% 140
\BOOKMARK [2][-]{subsection.9.6.2}{9.6.2 Backscatter RCS of a Facet}{section.9.6}% 141
\BOOKMARK [0][-]{chapter.10}{10 Random Object Generation}{}% 142
\BOOKMARK [1][-]{section.10.1}{10.1 1D Random Signals}{chapter.10}% 143
\BOOKMARK [1][-]{section.10.2}{10.2 2D Random Surfaces}{chapter.10}% 144
\BOOKMARK [1][-]{section.10.3}{10.3 3D Random Volumes}{chapter.10}% 145
\BOOKMARK [1][-]{section.10.4}{10.4 1D Fractal Signals}{chapter.10}% 146
\BOOKMARK [1][-]{section.10.5}{10.5 Bicontinuous Random Media}{chapter.10}% 147
\BOOKMARK [1][-]{section.10.6}{10.6 Ocean Waves}{chapter.10}% 148
\BOOKMARK [1][-]{section.10.7}{10.7 Gaussian Random Particles}{chapter.10}% 149
\BOOKMARK [1][-]{section.10.8}{10.8 Ionosphere Irregularity}{chapter.10}% 150
\BOOKMARK [0][-]{chapter.11}{11 Reflection and Refraction}{}% 151
\BOOKMARK [1][-]{section.11.1}{11.1 Snell's Law}{chapter.11}% 152
\BOOKMARK [1][-]{section.11.2}{11.2 Reflection Point - Flat Interface}{chapter.11}% 153
\BOOKMARK [1][-]{section.11.3}{11.3 Reflection Point - Sphere}{chapter.11}% 154
\BOOKMARK [1][-]{section.11.4}{11.4 Refraction Point - Flat Interface}{chapter.11}% 155
\BOOKMARK [1][-]{section.11.5}{11.5 Refraction Point - Circular Interface}{chapter.11}% 156
\BOOKMARK [2][-]{subsection.11.5.1}{11.5.1 Refraction Point - Circular Interface - Analytical}{section.11.5}% 157
\BOOKMARK [2][-]{subsection.11.5.2}{11.5.2 Refraction Point - Circular Interface - Iterative}{section.11.5}% 158
\BOOKMARK [1][-]{section.11.6}{11.6 Refraction Point - Sphere}{chapter.11}% 159
\BOOKMARK [0][-]{chapter.12}{12 Utilities}{}% 160
\BOOKMARK [1][-]{section.12.1}{12.1 Coordinate Transformations}{chapter.12}% 161
\BOOKMARK [1][-]{section.12.2}{12.2 Spherical Bessel Functions}{chapter.12}% 162
\BOOKMARK [2][-]{subsection.12.2.1}{12.2.1 Sombrero function: jinc\(x\)}{section.12.2}% 163
\BOOKMARK [2][-]{subsection.12.2.2}{12.2.2 Spherical Bessel function: jn\(x\)}{section.12.2}% 164
\BOOKMARK [2][-]{subsection.12.2.3}{12.2.3 Spherical Bessel function: jn\(x\)/x}{section.12.2}% 165
\BOOKMARK [2][-]{subsection.12.2.4}{12.2.4 Spherical Bessel function derivative: jn'\(x\)}{section.12.2}% 166
\BOOKMARK [2][-]{subsection.12.2.5}{12.2.5 Spherical Bessel function derivative: [xjn\(x\)]'}{section.12.2}% 167
\BOOKMARK [2][-]{subsection.12.2.6}{12.2.6 Spherical Hankel function: hn\(1\)\(x\)}{section.12.2}% 168
\BOOKMARK [2][-]{subsection.12.2.7}{12.2.7 Spherical Hankel function derivative: h'n\(1\)\(x\)}{section.12.2}% 169
\BOOKMARK [2][-]{subsection.12.2.8}{12.2.8 Spherical Hankel function derivative: [xhn\(1\)\(x\)]'}{section.12.2}% 170
\BOOKMARK [1][-]{section.12.3}{12.3 Legendre Polynomials}{chapter.12}% 171
\BOOKMARK [2][-]{subsection.12.3.1}{12.3.1 Legendre Polynomials, Pl\(x\)}{section.12.3}% 172
\BOOKMARK [2][-]{subsection.12.3.2}{12.3.2 Legendre Polynomial Derivative, d/dx Pl\(x\)}{section.12.3}% 173
\BOOKMARK [2][-]{subsection.12.3.3}{12.3.3 Normalized Associated Legendre Polynomials, P"0365Plm\(x\)}{section.12.3}% 174
\BOOKMARK [2][-]{subsection.12.3.4}{12.3.4 Normalized Associated Legendre Polynomials Derivative, d/dxP"0365Plm\(x\)}{section.12.3}% 175
\BOOKMARK [2][-]{subsection.12.3.5}{12.3.5 Normalized Associated Legendre Polynomials, mP"0365Plm\(cos\)/sin}{section.12.3}% 176
\BOOKMARK [2][-]{subsection.12.3.6}{12.3.6 Normalized Associated Legendre Polynomials Derivative, d/dP"0365Plm\(cos\)}{section.12.3}% 177
\BOOKMARK [1][-]{section.12.4}{12.4 Miscellaneous}{chapter.12}% 178
\BOOKMARK [2][-]{subsection.12.4.1}{12.4.1 FFT Frequency}{section.12.4}% 179
\BOOKMARK [2][-]{subsection.12.4.2}{12.4.2 Phase wrapping}{section.12.4}% 180
\BOOKMARK [2][-]{subsection.12.4.3}{12.4.3 Cubic Roots}{section.12.4}% 181
\BOOKMARK [2][-]{subsection.12.4.4}{12.4.4 Quartic Roots}{section.12.4}% 182
\BOOKMARK [2][-]{subsection.12.4.5}{12.4.5 Uniform Points on a Sphere}{section.12.4}% 183
\BOOKMARK [2][-]{subsection.12.4.6}{12.4.6 Uniformly Random Points on a Sphere}{section.12.4}% 184
